Started GET "/" for ::1 at 2022-03-02 13:04:44 -0500
  [1m[35m (2.7ms)[0m  [1m[34mSELECT sqlite_version(*)[0m
Processing by Rails::WelcomeController#index as HTML
  Rendering /Users/srijit/.rbenv/versions/3.1.0/lib/ruby/gems/3.1.0/gems/railties-7.0.2.2/lib/rails/templates/rails/welcome/index.html.erb
  Rendered /Users/srijit/.rbenv/versions/3.1.0/lib/ruby/gems/3.1.0/gems/railties-7.0.2.2/lib/rails/templates/rails/welcome/index.html.erb (Duration: 2.8ms | Allocations: 911)
Completed 200 OK in 26ms (Views: 10.2ms | ActiveRecord: 0.0ms | Allocations: 7892)


Started GET "/movies/" for ::1 at 2022-03-02 13:05:14 -0500
  
ActionController::RoutingError (No route matches [GET] "/movies"):
  
Started GET "/movies/" for ::1 at 2022-03-02 13:06:12 -0500
  
ActionController::RoutingError (No route matches [GET] "/movies"):
  
Started GET "/movie/" for ::1 at 2022-03-02 13:06:21 -0500
  
ActionController::RoutingError (No route matches [GET] "/movie"):
  
Started GET "/movies/" for ::1 at 2022-03-02 13:06:24 -0500
  
ActionController::RoutingError (No route matches [GET] "/movies"):
  
Started GET "/movies/" for ::1 at 2022-03-02 13:10:06 -0500
  [1m[35m (1.6ms)[0m  [1m[34mSELECT sqlite_version(*)[0m
  
ActionController::RoutingError (No route matches [GET] "/movies"):
  
Started GET "/" for ::1 at 2022-03-02 13:10:16 -0500
Processing by Rails::WelcomeController#index as HTML
  Rendering /Users/srijit/.rbenv/versions/3.1.0/lib/ruby/gems/3.1.0/gems/railties-7.0.2.2/lib/rails/templates/rails/welcome/index.html.erb
  Rendered /Users/srijit/.rbenv/versions/3.1.0/lib/ruby/gems/3.1.0/gems/railties-7.0.2.2/lib/rails/templates/rails/welcome/index.html.erb (Duration: 1.3ms | Allocations: 525)
Completed 200 OK in 11ms (Views: 2.7ms | ActiveRecord: 0.0ms | Allocations: 4330)


Started GET "/" for ::1 at 2022-03-02 13:15:35 -0500
  [1m[35m (1.2ms)[0m  [1m[34mSELECT sqlite_version(*)[0m
Processing by Rails::WelcomeController#index as HTML
  Rendering /Users/srijit/.rbenv/versions/3.1.0/lib/ruby/gems/3.1.0/gems/railties-7.0.2.2/lib/rails/templates/rails/welcome/index.html.erb
  Rendered /Users/srijit/.rbenv/versions/3.1.0/lib/ruby/gems/3.1.0/gems/railties-7.0.2.2/lib/rails/templates/rails/welcome/index.html.erb (Duration: 2.2ms | Allocations: 806)
Completed 200 OK in 18ms (Views: 7.4ms | ActiveRecord: 0.0ms | Allocations: 6584)


Started GET "/movies" for ::1 at 2022-03-02 13:15:40 -0500
  
ActionController::RoutingError (No route matches [GET] "/movies"):
  
Started GET "/movies/" for ::1 at 2022-03-02 13:15:43 -0500
  
ActionController::RoutingError (No route matches [GET] "/movies"):
  
Started GET "/" for ::1 at 2022-03-02 13:19:47 -0500
  [1m[35m (1.3ms)[0m  [1m[34mSELECT sqlite_version(*)[0m
Processing by MoviesController#index as HTML
  Rendering layout layouts/application.html.erb
  Rendering movies/index.html.erb within layouts/application
  Rendered movies/index.html.erb within layouts/application (Duration: 2.1ms | Allocations: 458)
  Rendered layout layouts/application.html.erb (Duration: 481.3ms | Allocations: 92988)
Completed 200 OK in 497ms (Views: 487.0ms | ActiveRecord: 0.0ms | Allocations: 98925)


